<?xml version="1.0" encoding="UTF-8"?>
<!-- Generated by org.testng.reporters.JUnitReportReporter -->
<testsuite hostname="JENSI" failures="0" tests="2" name="com.fb.qa.testcases.LoginPageTest" time="16.974" errors="0" timestamp="2023-06-28T12:29:23 GMT-04:00" skipped="0">
  <testcase classname="com.fb.qa.testcases.LoginPageTest" name="emptyEmailloginTest" time="8.767"/>
  <testcase classname="com.fb.qa.testcases.LoginPageTest" name="emptyPassloginTest" time="8.207"/>
</testsuite> <!-- com.fb.qa.testcases.LoginPageTest -->
