<?xml version="1.0" encoding="UTF-8"?>
<!-- Generated by org.testng.reporters.JUnitReportReporter -->
<testsuite hostname="JENSI" failures="0" tests="1" name="com.fb.qa.testcases.CreateAnAccountTest" time="6.049" errors="0" timestamp="2023-06-28T12:34:40 GMT-04:00" skipped="0">
  <testcase classname="com.fb.qa.testcases.CreateAnAccountTest" name="ClickOnCreateAnAccountBtn" time="6.049"/>
</testsuite> <!-- com.fb.qa.testcases.CreateAnAccountTest -->
