<?xml version="1.0" encoding="UTF-8"?>
<!-- Generated by org.testng.reporters.JUnitReportReporter -->
<testsuite hostname="JENSI" failures="0" tests="1" name="com.fb.qa.testcases.CreateAnAccountTest" time="8.326" errors="0" timestamp="28 Jun 2023 16:37:27 GMT" skipped="0">
  <testcase classname="com.fb.qa.testcases.CreateAnAccountTest" name="ClickOnCreateAnAccountBtn" time="8.326"/>
</testsuite> <!-- com.fb.qa.testcases.CreateAnAccountTest -->
