<?xml version="1.0" encoding="UTF-8"?>
<!-- Generated by org.testng.reporters.JUnitReportReporter -->
<testsuite hostname="JENSI" failures="0" tests="2" name="com.fb.qa.testcases.LoginPageTest" time="18.254" errors="0" timestamp="28 Jun 2023 16:37:27 GMT" skipped="0">
  <testcase classname="com.fb.qa.testcases.LoginPageTest" name="emptyEmailloginTest" time="9.219"/>
  <testcase classname="com.fb.qa.testcases.LoginPageTest" name="emptyPassloginTest" time="9.035"/>
</testsuite> <!-- com.fb.qa.testcases.LoginPageTest -->
