<?xml version="1.0" encoding="UTF-8"?>
<!-- Generated by org.testng.reporters.JUnitReportReporter -->
<testsuite hostname="JENSI" failures="0" tests="2" name="com.fb.qa.testcases.ForgetPassBtnTest" time="15.693" errors="0" timestamp="28 Jun 2023 16:37:27 GMT" skipped="0">
  <testcase classname="com.fb.qa.testcases.ForgetPassBtnTest" name="EmptyEmailSearch" time="7.735"/>
  <testcase classname="com.fb.qa.testcases.ForgetPassBtnTest" name="WrongEmailSearch" time="7.958"/>
</testsuite> <!-- com.fb.qa.testcases.ForgetPassBtnTest -->
